2023/08/18 13:42:13 ID: 4  Run follower loop
2023/08/18 13:42:13 ID: 5  Run follower loop
2023/08/18 13:42:13 ID: 3  Run follower loop
2023/08/18 13:42:13 ID: 1  Run follower loop
2023/08/18 13:42:13 1 2 3 4 5
2023/08/18 13:42:13 Send msg from: 1  send to 2  val: {1 x<-1}  typ: 3
2023/08/18 13:42:13 Send msg from: 1  send to 3  val: {1 x<-1}  typ: 3
2023/08/18 13:42:13 Send msg from: 1  send to 4  val: {1 x<-1}  typ: 3
2023/08/18 13:42:13 Send msg from: 1  send to 5  val: {1 x<-1}  typ: 3
2023/08/18 13:42:13 note: 1  change role from  1  to  2
2023/08/18 13:42:13 Now ID: 1  become candidate-> 2
2023/08/18 13:42:13 Assign value to server 1 
2023/08/18 13:42:13 1 still not leader: 2
2023/08/18 13:42:13 Recev msg from: 1  send to 5  val: {1 x<-1}  typ: 3
2023/08/18 13:42:13 Send msg from: 5  send to 1  val: {1 x<-1}  typ: 4
2023/08/18 13:42:13 Recev msg from: 5  send to 1  val: {1 x<-1}  typ: 4
2023/08/18 13:42:13 Recev msg from: 1  send to 4  val: {1 x<-1}  typ: 3
2023/08/18 13:42:13 Send msg from: 4  send to 1  val: {1 x<-1}  typ: 4
2023/08/18 13:42:13 Recev msg from: 1  send to 3  val: {1 x<-1}  typ: 3
2023/08/18 13:42:13 Send msg from: 3  send to 1  val: {1 x<-1}  typ: 4
2023/08/18 13:42:13 ID: 2  Run follower loop
2023/08/18 13:42:13 Recev msg from: 1  send to 2  val: {1 x<-1}  typ: 3
2023/08/18 13:42:13 Send msg from: 2  send to 1  val: {1 x<-1}  typ: 4
2023/08/18 13:42:13 ID: 4  Run follower loop
2023/08/18 13:42:13 ID: 2  Run follower loop
2023/08/18 13:42:13 ID: 5  Run follower loop
2023/08/18 13:42:13 ID: 3  Run follower loop
2023/08/18 13:42:13 ID: 1  Run candidate loop
2023/08/18 13:42:13 Recev msg from: 4  send to 1  val: {1 x<-1}  typ: 4
2023/08/18 13:42:13 [candidate]: has  1  still not reach  3
2023/08/18 13:42:13 ID: 1  Run candidate loop
2023/08/18 13:42:13 Recev msg from: 3  send to 1  val: {1 x<-1}  typ: 4
2023/08/18 13:42:13 [candidate]: has  2  still not reach  3
2023/08/18 13:42:13 ID: 1  Run candidate loop
2023/08/18 13:42:13 Recev msg from: 2  send to 1  val: {1 x<-1}  typ: 4
2023/08/18 13:42:13 [candidate]: has  3  still not reach  3
2023/08/18 13:42:13 note: 1  change role from  2  to  3
2023/08/18 13:42:13 Send msg from: 1  send to 2  val: {0 }  typ: 5
2023/08/18 13:42:13 Send msg from: 1  send to 3  val: {0 }  typ: 5
2023/08/18 13:42:13 Send msg from: 1  send to 4  val: {0 }  typ: 5
2023/08/18 13:42:13 Send msg from: 1  send to 5  val: {0 }  typ: 5
2023/08/18 13:42:13 Recev msg from: 1  send to 5  val: {0 }  typ: 5
2023/08/18 13:42:13 Recev msg from: 1  send to 2  val: {0 }  typ: 5
2023/08/18 13:42:13 Recev msg from: 1  send to 3  val: {0 }  typ: 5
2023/08/18 13:42:13 Recev msg from: 1  send to 4  val: {0 }  typ: 5
2023/08/18 13:42:14 ID: 4  Run follower loop
2023/08/18 13:42:14 ID: 2  Run follower loop
2023/08/18 13:42:14 ID: 1  Run leader loop
2023/08/18 13:42:14  size of datalog: 0
2023/08/18 13:42:14 Send msg from: 1  send to 2  val: {0 }  typ: 1
2023/08/18 13:42:14 Send msg from: 1  send to 3  val: {0 }  typ: 1
2023/08/18 13:42:14 Recev msg from: 1  send to 2  val: {0 }  typ: 1
2023/08/18 13:42:14  size of datalog: 0
2023/08/18 13:42:14 Send msg from: 1  send to 4  val: {0 }  typ: 1
2023/08/18 13:42:14 Send msg from: 2  send to 1  val: {0 }  typ: 2
2023/08/18 13:42:14 Send msg from: 1  send to 5  val: {0 }  typ: 1
2023/08/18 13:42:14 ID: 5  Run follower loop
2023/08/18 13:42:14 ID: 3  Run follower loop
2023/08/18 13:42:14 Recev msg from: 1  send to 3  val: {0 }  typ: 1
2023/08/18 13:42:14 Recev msg from: 1  send to 5  val: {0 }  typ: 1
2023/08/18 13:42:14 Recev msg from: 2  send to 1  val: {0 }  typ: 2
2023/08/18 13:42:14 Recev msg from: 1  send to 4  val: {0 }  typ: 1
2023/08/18 13:42:14  size of datalog: 0
2023/08/18 13:42:14 Send msg from: 4  send to 1  val: {0 }  typ: 2
2023/08/18 13:42:14  size of datalog: 0
2023/08/18 13:42:14 Send msg from: 3  send to 1  val: {0 }  typ: 2
2023/08/18 13:42:14  size of datalog: 0
2023/08/18 13:42:14 Send msg from: 5  send to 1  val: {0 }  typ: 2
2023/08/18 13:42:14 ID: 5  Run follower loop
2023/08/18 13:42:14 ID: 4  Run follower loop
2023/08/18 13:42:14 ID: 1  Run leader loop
2023/08/18 13:42:14  size of datalog: 0
2023/08/18 13:42:14 Send msg from: 1  send to 2  val: {0 }  typ: 1
2023/08/18 13:42:14 Send msg from: 1  send to 3  val: {0 }  typ: 1
2023/08/18 13:42:14 Send msg from: 1  send to 4  val: {0 }  typ: 1
2023/08/18 13:42:14 Send msg from: 1  send to 5  val: {0 }  typ: 1
2023/08/18 13:42:14 Recev msg from: 4  send to 1  val: {0 }  typ: 2
2023/08/18 13:42:14 Recev msg from: 1  send to 5  val: {0 }  typ: 1
2023/08/18 13:42:14  size of datalog: 0
2023/08/18 13:42:14 Recev msg from: 1  send to 4  val: {0 }  typ: 1
2023/08/18 13:42:14  size of datalog: 0
2023/08/18 13:42:14 Send msg from: 4  send to 1  val: {0 }  typ: 2
2023/08/18 13:42:14 ID: 3  Run follower loop
2023/08/18 13:42:14 Recev msg from: 1  send to 3  val: {0 }  typ: 1
2023/08/18 13:42:14  size of datalog: 0
2023/08/18 13:42:14 Send msg from: 3  send to 1  val: {0 }  typ: 2
2023/08/18 13:42:14 Send msg from: 5  send to 1  val: {0 }  typ: 2
2023/08/18 13:42:14 ID: 2  Run follower loop
2023/08/18 13:42:14 Recev msg from: 1  send to 2  val: {0 }  typ: 1
2023/08/18 13:42:14  size of datalog: 0
2023/08/18 13:42:14 Send msg from: 2  send to 1  val: {0 }  typ: 2
2023/08/18 13:42:14 ID: 1  Run leader loop
2023/08/18 13:42:14 ID: 2  Run follower loop
2023/08/18 13:42:14 ID: 5  Run follower loop
2023/08/18 13:42:14  size of datalog: 0
2023/08/18 13:42:14 Send msg from: 1  send to 2  val: {0 }  typ: 1
2023/08/18 13:42:14 Send msg from: 1  send to 3  val: {0 }  typ: 1
2023/08/18 13:42:14 Send msg from: 1  send to 4  val: {0 }  typ: 1
2023/08/18 13:42:14 Send msg from: 1  send to 5  val: {0 }  typ: 1
2023/08/18 13:42:14 Recev msg from: 3  send to 1  val: {0 }  typ: 2
2023/08/18 13:42:14 Recev msg from: 1  send to 5  val: {0 }  typ: 1
2023/08/18 13:42:14  size of datalog: 0
2023/08/18 13:42:14 ID: 4  Run follower loop
2023/08/18 13:42:14 Recev msg from: 1  send to 4  val: {0 }  typ: 1
2023/08/18 13:42:14  size of datalog: 0
2023/08/18 13:42:14 Send msg from: 4  send to 1  val: {0 }  typ: 2
2023/08/18 13:42:14 ID: 3  Run follower loop
2023/08/18 13:42:14 Recev msg from: 1  send to 3  val: {0 }  typ: 1
2023/08/18 13:42:14  size of datalog: 0
2023/08/18 13:42:14 Send msg from: 3  send to 1  val: {0 }  typ: 2
2023/08/18 13:42:14 Send msg from: 5  send to 1  val: {0 }  typ: 2
2023/08/18 13:42:14 Recev msg from: 1  send to 2  val: {0 }  typ: 1
2023/08/18 13:42:14  size of datalog: 0
2023/08/18 13:42:14 Send msg from: 2  send to 1  val: {0 }  typ: 2
2023/08/18 13:42:14 ID: 1  Run leader loop
2023/08/18 13:42:14  size of datalog: 0
2023/08/18 13:42:14 Send msg from: 1  send to 2  val: {0 }  typ: 1
2023/08/18 13:42:14 Send msg from: 1  send to 3  val: {0 }  typ: 1
2023/08/18 13:42:14 Send msg from: 1  send to 4  val: {0 }  typ: 1
2023/08/18 13:42:14 Send msg from: 1  send to 5  val: {0 }  typ: 1
2023/08/18 13:42:14 Recev msg from: 5  send to 1  val: {0 }  typ: 2
2023/08/18 13:42:14 ID: 2  Run follower loop
2023/08/18 13:42:14 Recev msg from: 1  send to 2  val: {0 }  typ: 1
2023/08/18 13:42:14  size of datalog: 0
2023/08/18 13:42:14 Send msg from: 2  send to 1  val: {0 }  typ: 2
2023/08/18 13:42:14 ID: 4  Run follower loop
2023/08/18 13:42:14 ID: 3  Run follower loop
2023/08/18 13:42:14 Recev msg from: 1  send to 3  val: {0 }  typ: 1
2023/08/18 13:42:14  size of datalog: 0
2023/08/18 13:42:14 Send msg from: 3  send to 1  val: {0 }  typ: 2
2023/08/18 13:42:14 ID: 5  Run follower loop
2023/08/18 13:42:14 Recev msg from: 1  send to 5  val: {0 }  typ: 1
2023/08/18 13:42:14  size of datalog: 0
2023/08/18 13:42:14 Send msg from: 5  send to 1  val: {0 }  typ: 2
2023/08/18 13:42:14 Recev msg from: 1  send to 4  val: {0 }  typ: 1
2023/08/18 13:42:14  size of datalog: 0
2023/08/18 13:42:14 Send msg from: 4  send to 1  val: {0 }  typ: 2
2023/08/18 13:42:14 ID: 2  Run follower loop
2023/08/18 13:42:14 ID: 5  Run follower loop
2023/08/18 13:42:14 ID: 4  Run follower loop
2023/08/18 13:42:14 ID: 3  Run follower loop
2023/08/18 13:42:14 ID: 1  Run leader loop
2023/08/18 13:42:14  size of datalog: 0
2023/08/18 13:42:14 Send msg from: 1  send to 2  val: {0 }  typ: 1
2023/08/18 13:42:14 Send msg from: 1  send to 3  val: {0 }  typ: 1
2023/08/18 13:42:14 Send msg from: 1  send to 4  val: {0 }  typ: 1
2023/08/18 13:42:14 Send msg from: 1  send to 5  val: {0 }  typ: 1
2023/08/18 13:42:14 Recev msg from: 4  send to 1  val: {0 }  typ: 2
2023/08/18 13:42:14 Recev msg from: 1  send to 5  val: {0 }  typ: 1
2023/08/18 13:42:14  size of datalog: 0
2023/08/18 13:42:14 Send msg from: 5  send to 1  val: {0 }  typ: 2
2023/08/18 13:42:14 Recev msg from: 1  send to 4  val: {0 }  typ: 1
2023/08/18 13:42:14  size of datalog: 0
2023/08/18 13:42:14 Send msg from: 4  send to 1  val: {0 }  typ: 2
2023/08/18 13:42:14 Recev msg from: 1  send to 2  val: {0 }  typ: 1
2023/08/18 13:42:14  size of datalog: 0
2023/08/18 13:42:14 Send msg from: 2  send to 1  val: {0 }  typ: 2
2023/08/18 13:42:14 Recev msg from: 1  send to 3  val: {0 }  typ: 1
2023/08/18 13:42:14  size of datalog: 0
2023/08/18 13:42:14 Send msg from: 3  send to 1  val: {0 }  typ: 2
2023/08/18 13:42:14 ID: 3  Run follower loop
2023/08/18 13:42:14 ID: 2  Run follower loop
2023/08/18 13:42:14 ID: 1  Run leader loop
2023/08/18 13:42:14  size of datalog: 0
2023/08/18 13:42:14 Send msg from: 1  send to 2  val: {0 }  typ: 1
2023/08/18 13:42:14 Send msg from: 1  send to 3  val: {0 }  typ: 1
2023/08/18 13:42:14 Send msg from: 1  send to 4  val: {0 }  typ: 1
2023/08/18 13:42:14 Send msg from: 1  send to 5  val: {0 }  typ: 1
2023/08/18 13:42:14 Recev msg from: 3  send to 1  val: {0 }  typ: 2
2023/08/18 13:42:14 Recev msg from: 1  send to 3  val: {0 }  typ: 1
2023/08/18 13:42:14  size of datalog: 0
2023/08/18 13:42:14 Send msg from: 3  send to 1  val: {0 }  typ: 2
2023/08/18 13:42:14 ID: 5  Run follower loop
2023/08/18 13:42:14 Recev msg from: 1  send to 5  val: {0 }  typ: 1
2023/08/18 13:42:14  size of datalog: 0
2023/08/18 13:42:14 Send msg from: 5  send to 1  val: {0 }  typ: 2
2023/08/18 13:42:14 ID: 4  Run follower loop
2023/08/18 13:42:14 Recev msg from: 1  send to 4  val: {0 }  typ: 1
2023/08/18 13:42:14  size of datalog: 0
2023/08/18 13:42:14 Send msg from: 4  send to 1  val: {0 }  typ: 2
2023/08/18 13:42:14 Recev msg from: 1  send to 2  val: {0 }  typ: 1
2023/08/18 13:42:14  size of datalog: 0
2023/08/18 13:42:14 Send msg from: 2  send to 1  val: {0 }  typ: 2
2023/08/18 13:42:14 1 become leader done.
